[2025-03-25T02:22:16.104Z] [server.js:41] [Server.<anonymous>] [INFO] 服务器运行在 http://localhost:3000
[2025-03-25T02:22:16.104Z] [server.js:42] [Server.<anonymous>] [INFO] API 文档在 http://localhost:3000/docs
[2025-03-25T02:22:16.136Z] [blockchain.js:92] [BlockchainService.<anonymous>] [INFO] 扫描任务: 1
[2025-03-25T02:22:16.747Z] [blockchain.js:113] [BlockchainService.<anonymous>] [INFO] 扫描链 1 区块范围: 22120868-22120900
[2025-03-25T02:22:27.976Z] [blockchain.js:92] [BlockchainService.<anonymous>] [INFO] 扫描任务: 1
[2025-03-25T02:22:28.563Z] [blockchain.js:113] [BlockchainService.<anonymous>] [INFO] 扫描链 1 区块范围: 22120901-22120901
[2025-03-25T02:22:39.162Z] [blockchain.js:92] [BlockchainService.<anonymous>] [INFO] 扫描任务: 1
[2025-03-25T02:22:39.755Z] [blockchain.js:113] [BlockchainService.<anonymous>] [INFO] 扫描链 1 区块范围: 22120902-22120902
[2025-03-25T02:22:50.342Z] [blockchain.js:92] [BlockchainService.<anonymous>] [INFO] 扫描任务: 1
[2025-03-25T02:22:53.631Z] [blockchain.js:113] [BlockchainService.<anonymous>] [INFO] 扫描链 1 区块范围: 22120903-22120903
[2025-03-25T02:23:07.844Z] [blockchain.js:92] [BlockchainService.<anonymous>] [INFO] 扫描任务: 1
[2025-03-25T02:23:08.420Z] [blockchain.js:113] [BlockchainService.<anonymous>] [INFO] 扫描链 1 区块范围: 22120904-22120904
[2025-03-25T02:23:19.004Z] [blockchain.js:92] [BlockchainService.<anonymous>] [INFO] 扫描任务: 1
[2025-03-25T02:23:19.566Z] [blockchain.js:113] [BlockchainService.<anonymous>] [INFO] 扫描链 1 区块范围: 22120905-22120905
[2025-03-25T02:23:30.128Z] [blockchain.js:92] [BlockchainService.<anonymous>] [INFO] 扫描任务: 1
[2025-03-25T02:23:30.684Z] [blockchain.js:113] [BlockchainService.<anonymous>] [INFO] 扫描链 1 区块范围: 22120906-22120906
[2025-03-25T02:23:42.276Z] [blockchain.js:92] [BlockchainService.<anonymous>] [INFO] 扫描任务: 1
[2025-03-25T02:23:42.862Z] [blockchain.js:113] [BlockchainService.<anonymous>] [INFO] 扫描链 1 区块范围: 22120907-22120907
[2025-03-25T02:23:53.447Z] [blockchain.js:92] [BlockchainService.<anonymous>] [INFO] 扫描任务: 1
[2025-03-25T02:23:54.028Z] [blockchain.js:113] [BlockchainService.<anonymous>] [INFO] 扫描链 1 区块范围: 22120908-22120908
[2025-03-25T02:24:04.651Z] [blockchain.js:92] [BlockchainService.<anonymous>] [INFO] 扫描任务: 1
[2025-03-25T02:24:05.275Z] [blockchain.js:113] [BlockchainService.<anonymous>] [INFO] 扫描链 1 区块范围: 22120909-22120909
[2025-03-25T02:24:15.858Z] [blockchain.js:92] [BlockchainService.<anonymous>] [INFO] 扫描任务: 1
[2025-03-25T02:24:16.435Z] [blockchain.js:113] [BlockchainService.<anonymous>] [INFO] 扫描链 1 区块范围: 22120910-22120910
[2025-03-25T02:24:27.040Z] [blockchain.js:92] [BlockchainService.<anonymous>] [INFO] 扫描任务: 1
[2025-03-25T02:24:27.640Z] [blockchain.js:113] [BlockchainService.<anonymous>] [INFO] 扫描链 1 区块范围: 22120911-22120911
[2025-03-25T02:24:38.199Z] [blockchain.js:92] [BlockchainService.<anonymous>] [INFO] 扫描任务: 1
[2025-03-25T02:24:38.765Z] [blockchain.js:113] [BlockchainService.<anonymous>] [INFO] 扫描链 1 区块范围: 22120912-22120912
[2025-03-25T02:24:49.342Z] [blockchain.js:92] [BlockchainService.<anonymous>] [INFO] 扫描任务: 1
[2025-03-25T02:24:49.913Z] [blockchain.js:107] [BlockchainService.<anonymous>] [WARN] 无效区块范围: chain_id=1, toBlock=22120912, from_block=22120913
[2025-03-25T02:24:59.917Z] [blockchain.js:92] [BlockchainService.<anonymous>] [INFO] 扫描任务: 1
[2025-03-25T02:25:00.596Z] [blockchain.js:113] [BlockchainService.<anonymous>] [INFO] 扫描链 1 区块范围: 22120913-22120913
[2025-03-25T02:25:11.168Z] [blockchain.js:92] [BlockchainService.<anonymous>] [INFO] 扫描任务: 1
[2025-03-25T02:25:11.749Z] [blockchain.js:113] [BlockchainService.<anonymous>] [INFO] 扫描链 1 区块范围: 22120914-22120914
[2025-03-25T02:25:22.331Z] [blockchain.js:92] [BlockchainService.<anonymous>] [INFO] 扫描任务: 1
[2025-03-25T02:25:22.893Z] [blockchain.js:113] [BlockchainService.<anonymous>] [INFO] 扫描链 1 区块范围: 22120915-22120915
[2025-03-25T02:25:33.471Z] [blockchain.js:92] [BlockchainService.<anonymous>] [INFO] 扫描任务: 1
[2025-03-25T02:25:34.050Z] [blockchain.js:113] [BlockchainService.<anonymous>] [INFO] 扫描链 1 区块范围: 22120916-22120916
[2025-03-25T02:25:44.648Z] [blockchain.js:92] [BlockchainService.<anonymous>] [INFO] 扫描任务: 1
[2025-03-25T02:25:45.218Z] [blockchain.js:113] [BlockchainService.<anonymous>] [INFO] 扫描链 1 区块范围: 22120917-22120917
[2025-03-25T02:25:55.790Z] [blockchain.js:92] [BlockchainService.<anonymous>] [INFO] 扫描任务: 1
[2025-03-25T02:25:56.356Z] [blockchain.js:113] [BlockchainService.<anonymous>] [INFO] 扫描链 1 区块范围: 22120918-22120918
[2025-03-25T02:26:06.942Z] [blockchain.js:92] [BlockchainService.<anonymous>] [INFO] 扫描任务: 1
[2025-03-25T02:26:07.511Z] [blockchain.js:113] [BlockchainService.<anonymous>] [INFO] 扫描链 1 区块范围: 22120919-22120919
[2025-03-25T02:26:18.080Z] [blockchain.js:92] [BlockchainService.<anonymous>] [INFO] 扫描任务: 1
[2025-03-25T02:26:18.681Z] [blockchain.js:113] [BlockchainService.<anonymous>] [INFO] 扫描链 1 区块范围: 22120920-22120920
[2025-03-25T02:26:29.259Z] [blockchain.js:92] [BlockchainService.<anonymous>] [INFO] 扫描任务: 1
[2025-03-25T02:26:33.517Z] [blockchain.js:113] [BlockchainService.<anonymous>] [INFO] 扫描链 1 区块范围: 22120921-22120921
[2025-03-25T02:26:44.159Z] [blockchain.js:92] [BlockchainService.<anonymous>] [INFO] 扫描任务: 1
[2025-03-25T02:26:44.724Z] [blockchain.js:113] [BlockchainService.<anonymous>] [INFO] 扫描链 1 区块范围: 22120922-22120922
[2025-03-25T02:26:55.309Z] [blockchain.js:92] [BlockchainService.<anonymous>] [INFO] 扫描任务: 1
[2025-03-25T02:26:55.886Z] [blockchain.js:113] [BlockchainService.<anonymous>] [INFO] 扫描链 1 区块范围: 22120923-22120923
[2025-03-25T02:27:06.462Z] [blockchain.js:92] [BlockchainService.<anonymous>] [INFO] 扫描任务: 1
[2025-03-25T02:27:07.039Z] [blockchain.js:113] [BlockchainService.<anonymous>] [INFO] 扫描链 1 区块范围: 22120924-22120924
[2025-03-25T02:27:17.622Z] [blockchain.js:92] [BlockchainService.<anonymous>] [INFO] 扫描任务: 1
[2025-03-25T02:27:18.201Z] [blockchain.js:113] [BlockchainService.<anonymous>] [INFO] 扫描链 1 区块范围: 22120925-22120925
[2025-03-25T02:27:28.776Z] [blockchain.js:92] [BlockchainService.<anonymous>] [INFO] 扫描任务: 1
[2025-03-25T02:27:29.339Z] [blockchain.js:113] [BlockchainService.<anonymous>] [INFO] 扫描链 1 区块范围: 22120926-22120926
[2025-03-25T02:27:39.930Z] [blockchain.js:92] [BlockchainService.<anonymous>] [INFO] 扫描任务: 1
[2025-03-25T02:27:40.490Z] [blockchain.js:113] [BlockchainService.<anonymous>] [INFO] 扫描链 1 区块范围: 22120927-22120927
[2025-03-25T02:27:51.927Z] [blockchain.js:92] [BlockchainService.<anonymous>] [INFO] 扫描任务: 1
[2025-03-25T02:27:52.508Z] [blockchain.js:113] [BlockchainService.<anonymous>] [INFO] 扫描链 1 区块范围: 22120928-22120928
[2025-03-25T02:28:03.070Z] [blockchain.js:92] [BlockchainService.<anonymous>] [INFO] 扫描任务: 1
[2025-03-25T02:28:13.662Z] [blockchain.js:113] [BlockchainService.<anonymous>] [INFO] 扫描链 1 区块范围: 22120929-22120930
[2025-03-25T02:28:25.379Z] [blockchain.js:92] [BlockchainService.<anonymous>] [INFO] 扫描任务: 1
[2025-03-25T02:28:25.965Z] [blockchain.js:113] [BlockchainService.<anonymous>] [INFO] 扫描链 1 区块范围: 22120931-22120931
[2025-03-25T02:28:36.526Z] [blockchain.js:92] [BlockchainService.<anonymous>] [INFO] 扫描任务: 1
[2025-03-25T02:28:38.115Z] [blockchain.js:107] [BlockchainService.<anonymous>] [WARN] 无效区块范围: chain_id=1, toBlock=22120931, from_block=22120932
[2025-03-25T02:28:48.119Z] [blockchain.js:92] [BlockchainService.<anonymous>] [INFO] 扫描任务: 1
[2025-03-25T02:28:48.701Z] [blockchain.js:113] [BlockchainService.<anonymous>] [INFO] 扫描链 1 区块范围: 22120932-22120932
[2025-03-25T02:28:59.302Z] [blockchain.js:92] [BlockchainService.<anonymous>] [INFO] 扫描任务: 1
[2025-03-25T02:28:59.889Z] [blockchain.js:113] [BlockchainService.<anonymous>] [INFO] 扫描链 1 区块范围: 22120933-22120933
[2025-03-25T02:29:10.475Z] [blockchain.js:92] [BlockchainService.<anonymous>] [INFO] 扫描任务: 1
[2025-03-25T02:29:13.055Z] [blockchain.js:113] [BlockchainService.<anonymous>] [INFO] 扫描链 1 区块范围: 22120934-22120934
[2025-03-25T02:29:23.626Z] [blockchain.js:92] [BlockchainService.<anonymous>] [INFO] 扫描任务: 1
[2025-03-25T02:29:24.322Z] [blockchain.js:113] [BlockchainService.<anonymous>] [INFO] 扫描链 1 区块范围: 22120935-22120935
[2025-03-25T02:29:34.900Z] [blockchain.js:92] [BlockchainService.<anonymous>] [INFO] 扫描任务: 1
[2025-03-25T02:29:35.478Z] [blockchain.js:113] [BlockchainService.<anonymous>] [INFO] 扫描链 1 区块范围: 22120936-22120936
[2025-03-25T02:29:46.315Z] [blockchain.js:92] [BlockchainService.<anonymous>] [INFO] 扫描任务: 1
[2025-03-25T02:29:46.885Z] [blockchain.js:113] [BlockchainService.<anonymous>] [INFO] 扫描链 1 区块范围: 22120937-22120937
[2025-03-25T02:29:57.462Z] [blockchain.js:92] [BlockchainService.<anonymous>] [INFO] 扫描任务: 1
[2025-03-25T02:29:58.056Z] [blockchain.js:113] [BlockchainService.<anonymous>] [INFO] 扫描链 1 区块范围: 22120938-22120938
[2025-03-25T02:30:08.621Z] [blockchain.js:92] [BlockchainService.<anonymous>] [INFO] 扫描任务: 1
[2025-03-25T02:30:09.220Z] [blockchain.js:113] [BlockchainService.<anonymous>] [INFO] 扫描链 1 区块范围: 22120939-22120939
[2025-03-25T02:30:20.325Z] [blockchain.js:92] [BlockchainService.<anonymous>] [INFO] 扫描任务: 1
[2025-03-25T02:30:20.883Z] [blockchain.js:113] [BlockchainService.<anonymous>] [INFO] 扫描链 1 区块范围: 22120940-22120940
[2025-03-25T02:30:31.458Z] [blockchain.js:92] [BlockchainService.<anonymous>] [INFO] 扫描任务: 1
[2025-03-25T02:30:32.052Z] [blockchain.js:113] [BlockchainService.<anonymous>] [INFO] 扫描链 1 区块范围: 22120941-22120941
[2025-03-25T02:30:42.682Z] [blockchain.js:92] [BlockchainService.<anonymous>] [INFO] 扫描任务: 1
[2025-03-25T02:30:45.013Z] [blockchain.js:113] [BlockchainService.<anonymous>] [INFO] 扫描链 1 区块范围: 22120942-22120942
[2025-03-25T02:30:55.817Z] [blockchain.js:92] [BlockchainService.<anonymous>] [INFO] 扫描任务: 1
[2025-03-25T02:30:56.408Z] [blockchain.js:113] [BlockchainService.<anonymous>] [INFO] 扫描链 1 区块范围: 22120943-22120943
[2025-03-25T02:31:07.006Z] [blockchain.js:92] [BlockchainService.<anonymous>] [INFO] 扫描任务: 1
[2025-03-25T02:31:07.575Z] [blockchain.js:113] [BlockchainService.<anonymous>] [INFO] 扫描链 1 区块范围: 22120944-22120944
[2025-03-25T02:31:18.194Z] [blockchain.js:92] [BlockchainService.<anonymous>] [INFO] 扫描任务: 1
[2025-03-25T02:31:18.775Z] [blockchain.js:113] [BlockchainService.<anonymous>] [INFO] 扫描链 1 区块范围: 22120945-22120945
[2025-03-25T02:31:30.525Z] [blockchain.js:92] [BlockchainService.<anonymous>] [INFO] 扫描任务: 1
[2025-03-25T02:31:31.091Z] [blockchain.js:113] [BlockchainService.<anonymous>] [INFO] 扫描链 1 区块范围: 22120946-22120946
[2025-03-25T02:31:41.662Z] [blockchain.js:92] [BlockchainService.<anonymous>] [INFO] 扫描任务: 1
[2025-03-25T02:31:42.222Z] [blockchain.js:113] [BlockchainService.<anonymous>] [INFO] 扫描链 1 区块范围: 22120947-22120947
[2025-03-25T02:31:52.802Z] [blockchain.js:92] [BlockchainService.<anonymous>] [INFO] 扫描任务: 1
[2025-03-25T02:31:53.387Z] [blockchain.js:113] [BlockchainService.<anonymous>] [INFO] 扫描链 1 区块范围: 22120948-22120948
[2025-03-25T02:32:03.968Z] [blockchain.js:92] [BlockchainService.<anonymous>] [INFO] 扫描任务: 1
[2025-03-25T02:32:04.564Z] [blockchain.js:113] [BlockchainService.<anonymous>] [INFO] 扫描链 1 区块范围: 22120949-22120949
[2025-03-25T02:32:15.137Z] [blockchain.js:92] [BlockchainService.<anonymous>] [INFO] 扫描任务: 1
[2025-03-25T02:32:16.169Z] [blockchain.js:113] [BlockchainService.<anonymous>] [INFO] 扫描链 1 区块范围: 22120950-22120950
[2025-03-25T02:32:26.830Z] [blockchain.js:92] [BlockchainService.<anonymous>] [INFO] 扫描任务: 1
[2025-03-25T02:32:27.397Z] [blockchain.js:113] [BlockchainService.<anonymous>] [INFO] 扫描链 1 区块范围: 22120951-22120951
[2025-03-25T02:32:37.972Z] [blockchain.js:92] [BlockchainService.<anonymous>] [INFO] 扫描任务: 1
[2025-03-25T02:32:38.528Z] [blockchain.js:113] [BlockchainService.<anonymous>] [INFO] 扫描链 1 区块范围: 22120952-22120952
[2025-03-25T02:32:49.132Z] [blockchain.js:92] [BlockchainService.<anonymous>] [INFO] 扫描任务: 1
[2025-03-25T02:32:49.988Z] [blockchain.js:113] [BlockchainService.<anonymous>] [INFO] 扫描链 1 区块范围: 22120953-22120953
[2025-03-25T02:33:00.580Z] [blockchain.js:92] [BlockchainService.<anonymous>] [INFO] 扫描任务: 1
[2025-03-25T02:33:01.155Z] [blockchain.js:107] [BlockchainService.<anonymous>] [WARN] 无效区块范围: chain_id=1, toBlock=22120953, from_block=22120954
[2025-03-25T02:33:11.159Z] [blockchain.js:92] [BlockchainService.<anonymous>] [INFO] 扫描任务: 1
[2025-03-25T02:33:11.745Z] [blockchain.js:113] [BlockchainService.<anonymous>] [INFO] 扫描链 1 区块范围: 22120954-22120954
[2025-03-25T02:33:22.443Z] [blockchain.js:92] [BlockchainService.<anonymous>] [INFO] 扫描任务: 1
[2025-03-25T02:33:25.685Z] [blockchain.js:113] [BlockchainService.<anonymous>] [INFO] 扫描链 1 区块范围: 22120955-22120955
[2025-03-25T02:33:36.360Z] [blockchain.js:92] [BlockchainService.<anonymous>] [INFO] 扫描任务: 1
[2025-03-25T02:33:36.925Z] [blockchain.js:113] [BlockchainService.<anonymous>] [INFO] 扫描链 1 区块范围: 22120956-22120956
[2025-03-25T02:33:47.570Z] [blockchain.js:92] [BlockchainService.<anonymous>] [INFO] 扫描任务: 1
[2025-03-25T02:33:48.135Z] [blockchain.js:113] [BlockchainService.<anonymous>] [INFO] 扫描链 1 区块范围: 22120957-22120957
[2025-03-25T02:33:58.745Z] [blockchain.js:92] [BlockchainService.<anonymous>] [INFO] 扫描任务: 1
[2025-03-25T02:33:59.329Z] [blockchain.js:113] [BlockchainService.<anonymous>] [INFO] 扫描链 1 区块范围: 22120958-22120958
[2025-03-25T02:34:09.906Z] [blockchain.js:92] [BlockchainService.<anonymous>] [INFO] 扫描任务: 1
[2025-03-25T02:34:10.498Z] [blockchain.js:113] [BlockchainService.<anonymous>] [INFO] 扫描链 1 区块范围: 22120959-22120959
[2025-03-25T02:34:21.068Z] [blockchain.js:92] [BlockchainService.<anonymous>] [INFO] 扫描任务: 1
[2025-03-25T02:34:21.927Z] [blockchain.js:113] [BlockchainService.<anonymous>] [INFO] 扫描链 1 区块范围: 22120960-22120960
[2025-03-25T02:34:36.798Z] [blockchain.js:92] [BlockchainService.<anonymous>] [INFO] 扫描任务: 1
[2025-03-25T02:34:37.689Z] [blockchain.js:113] [BlockchainService.<anonymous>] [INFO] 扫描链 1 区块范围: 22120961-22120961
[2025-03-25T02:34:48.273Z] [blockchain.js:92] [BlockchainService.<anonymous>] [INFO] 扫描任务: 1
[2025-03-25T02:34:49.214Z] [blockchain.js:113] [BlockchainService.<anonymous>] [INFO] 扫描链 1 区块范围: 22120962-22120962
[2025-03-25T02:35:00.341Z] [blockchain.js:92] [BlockchainService.<anonymous>] [INFO] 扫描任务: 1
[2025-03-25T02:35:01.500Z] [blockchain.js:113] [BlockchainService.<anonymous>] [INFO] 扫描链 1 区块范围: 22120963-22120963
[2025-03-25T02:35:12.090Z] [blockchain.js:92] [BlockchainService.<anonymous>] [INFO] 扫描任务: 1
[2025-03-25T02:35:12.664Z] [blockchain.js:113] [BlockchainService.<anonymous>] [INFO] 扫描链 1 区块范围: 22120964-22120964
[2025-03-25T02:35:23.596Z] [blockchain.js:92] [BlockchainService.<anonymous>] [INFO] 扫描任务: 1
[2025-03-25T02:35:24.174Z] [blockchain.js:113] [BlockchainService.<anonymous>] [INFO] 扫描链 1 区块范围: 22120965-22120965
[2025-03-25T02:35:34.810Z] [blockchain.js:92] [BlockchainService.<anonymous>] [INFO] 扫描任务: 1
[2025-03-25T02:35:35.602Z] [blockchain.js:113] [BlockchainService.<anonymous>] [INFO] 扫描链 1 区块范围: 22120966-22120966
[2025-03-25T02:35:48.491Z] [blockchain.js:92] [BlockchainService.<anonymous>] [INFO] 扫描任务: 1
[2025-03-25T02:35:49.111Z] [blockchain.js:113] [BlockchainService.<anonymous>] [INFO] 扫描链 1 区块范围: 22120967-22120967
[2025-03-25T02:35:59.718Z] [blockchain.js:92] [BlockchainService.<anonymous>] [INFO] 扫描任务: 1
[2025-03-25T02:36:00.280Z] [blockchain.js:113] [BlockchainService.<anonymous>] [INFO] 扫描链 1 区块范围: 22120968-22120968
[2025-03-25T02:36:10.843Z] [blockchain.js:92] [BlockchainService.<anonymous>] [INFO] 扫描任务: 1
[2025-03-25T02:36:11.434Z] [blockchain.js:113] [BlockchainService.<anonymous>] [INFO] 扫描链 1 区块范围: 22120969-22120969
[2025-03-25T02:36:22.009Z] [blockchain.js:92] [BlockchainService.<anonymous>] [INFO] 扫描任务: 1
[2025-03-25T02:36:22.697Z] [blockchain.js:113] [BlockchainService.<anonymous>] [INFO] 扫描链 1 区块范围: 22120970-22120970
[2025-03-25T02:36:33.289Z] [blockchain.js:92] [BlockchainService.<anonymous>] [INFO] 扫描任务: 1
[2025-03-25T02:36:33.855Z] [blockchain.js:113] [BlockchainService.<anonymous>] [INFO] 扫描链 1 区块范围: 22120971-22120971
[2025-03-25T02:36:44.440Z] [blockchain.js:92] [BlockchainService.<anonymous>] [INFO] 扫描任务: 1
[2025-03-25T02:36:45.034Z] [blockchain.js:113] [BlockchainService.<anonymous>] [INFO] 扫描链 1 区块范围: 22120972-22120972
[2025-03-25T02:36:55.609Z] [blockchain.js:92] [BlockchainService.<anonymous>] [INFO] 扫描任务: 1
[2025-03-25T02:36:56.192Z] [blockchain.js:113] [BlockchainService.<anonymous>] [INFO] 扫描链 1 区块范围: 22120973-22120973
[2025-03-25T02:37:06.811Z] [blockchain.js:92] [BlockchainService.<anonymous>] [INFO] 扫描任务: 1
[2025-03-25T02:37:07.386Z] [blockchain.js:113] [BlockchainService.<anonymous>] [INFO] 扫描链 1 区块范围: 22120974-22120974
[2025-03-25T02:37:17.957Z] [blockchain.js:92] [BlockchainService.<anonymous>] [INFO] 扫描任务: 1
[2025-03-25T02:37:18.550Z] [blockchain.js:113] [BlockchainService.<anonymous>] [INFO] 扫描链 1 区块范围: 22120975-22120975
[2025-03-25T02:37:29.170Z] [blockchain.js:92] [BlockchainService.<anonymous>] [INFO] 扫描任务: 1
[2025-03-25T02:37:29.752Z] [blockchain.js:113] [BlockchainService.<anonymous>] [INFO] 扫描链 1 区块范围: 22120976-22120976
[2025-03-25T02:37:40.331Z] [blockchain.js:92] [BlockchainService.<anonymous>] [INFO] 扫描任务: 1
[2025-03-25T02:37:40.903Z] [blockchain.js:113] [BlockchainService.<anonymous>] [INFO] 扫描链 1 区块范围: 22120977-22120977
[2025-03-25T02:37:51.491Z] [blockchain.js:92] [BlockchainService.<anonymous>] [INFO] 扫描任务: 1
[2025-03-25T02:37:52.065Z] [blockchain.js:113] [BlockchainService.<anonymous>] [INFO] 扫描链 1 区块范围: 22120978-22120978
[2025-03-25T02:38:02.647Z] [blockchain.js:92] [BlockchainService.<anonymous>] [INFO] 扫描任务: 1
[2025-03-25T02:38:03.244Z] [blockchain.js:113] [BlockchainService.<anonymous>] [INFO] 扫描链 1 区块范围: 22120979-22120979
[2025-03-25T02:38:13.827Z] [blockchain.js:92] [BlockchainService.<anonymous>] [INFO] 扫描任务: 1
[2025-03-25T02:38:14.402Z] [blockchain.js:113] [BlockchainService.<anonymous>] [INFO] 扫描链 1 区块范围: 22120980-22120980
[2025-03-25T02:38:25.072Z] [blockchain.js:92] [BlockchainService.<anonymous>] [INFO] 扫描任务: 1
[2025-03-25T02:38:25.656Z] [blockchain.js:113] [BlockchainService.<anonymous>] [INFO] 扫描链 1 区块范围: 22120981-22120981
[2025-03-25T02:38:36.221Z] [blockchain.js:92] [BlockchainService.<anonymous>] [INFO] 扫描任务: 1
[2025-03-25T02:38:36.808Z] [blockchain.js:107] [BlockchainService.<anonymous>] [WARN] 无效区块范围: chain_id=1, toBlock=22120981, from_block=22120982
[2025-03-25T02:38:46.813Z] [blockchain.js:92] [BlockchainService.<anonymous>] [INFO] 扫描任务: 1
[2025-03-25T02:38:47.394Z] [blockchain.js:113] [BlockchainService.<anonymous>] [INFO] 扫描链 1 区块范围: 22120982-22120982
[2025-03-25T02:38:57.982Z] [blockchain.js:92] [BlockchainService.<anonymous>] [INFO] 扫描任务: 1
[2025-03-25T02:38:58.541Z] [blockchain.js:113] [BlockchainService.<anonymous>] [INFO] 扫描链 1 区块范围: 22120983-22120983
[2025-03-25T02:39:09.117Z] [blockchain.js:92] [BlockchainService.<anonymous>] [INFO] 扫描任务: 1
[2025-03-25T02:39:09.687Z] [blockchain.js:113] [BlockchainService.<anonymous>] [INFO] 扫描链 1 区块范围: 22120984-22120984
[2025-03-25T02:39:20.280Z] [blockchain.js:92] [BlockchainService.<anonymous>] [INFO] 扫描任务: 1
[2025-03-25T02:39:20.848Z] [blockchain.js:113] [BlockchainService.<anonymous>] [INFO] 扫描链 1 区块范围: 22120985-22120985
[2025-03-25T02:39:33.898Z] [blockchain.js:92] [BlockchainService.<anonymous>] [INFO] 扫描任务: 1
[2025-03-25T02:39:34.537Z] [blockchain.js:113] [BlockchainService.<anonymous>] [INFO] 扫描链 1 区块范围: 22120986-22120986
[2025-03-25T02:39:45.369Z] [blockchain.js:92] [BlockchainService.<anonymous>] [INFO] 扫描任务: 1
[2025-03-25T02:39:45.960Z] [blockchain.js:113] [BlockchainService.<anonymous>] [INFO] 扫描链 1 区块范围: 22120987-22120987
[2025-03-25T02:40:08.487Z] [blockchain.js:92] [BlockchainService.<anonymous>] [INFO] 扫描任务: 1
[2025-03-25T02:40:09.079Z] [blockchain.js:113] [BlockchainService.<anonymous>] [INFO] 扫描链 1 区块范围: 22120988-22120989
[2025-03-25T02:40:19.651Z] [blockchain.js:92] [BlockchainService.<anonymous>] [INFO] 扫描任务: 1
[2025-03-25T02:40:20.220Z] [blockchain.js:113] [BlockchainService.<anonymous>] [INFO] 扫描链 1 区块范围: 22120990-22120990
[2025-03-25T02:40:30.802Z] [blockchain.js:92] [BlockchainService.<anonymous>] [INFO] 扫描任务: 1
[2025-03-25T02:40:31.351Z] [blockchain.js:113] [BlockchainService.<anonymous>] [INFO] 扫描链 1 区块范围: 22120991-22120991
[2025-03-25T02:40:41.923Z] [blockchain.js:92] [BlockchainService.<anonymous>] [INFO] 扫描任务: 1
[2025-03-25T02:40:42.521Z] [blockchain.js:113] [BlockchainService.<anonymous>] [INFO] 扫描链 1 区块范围: 22120992-22120992
[2025-03-25T02:40:55.917Z] [blockchain.js:175] [BlockchainService.<anonymous>] [ERROR] 扫描链 1 失败: Error: Client network socket disconnected before secure TLS connection was established
[2025-03-25T02:41:05.923Z] [blockchain.js:92] [BlockchainService.<anonymous>] [INFO] 扫描任务: 1
[2025-03-25T02:41:09.227Z] [blockchain.js:113] [BlockchainService.<anonymous>] [INFO] 扫描链 1 区块范围: 22120992-22120994
[2025-03-25T02:41:19.807Z] [blockchain.js:92] [BlockchainService.<anonymous>] [INFO] 扫描任务: 1
[2025-03-25T02:41:20.462Z] [blockchain.js:113] [BlockchainService.<anonymous>] [INFO] 扫描链 1 区块范围: 22120995-22120995
[2025-03-25T02:41:31.043Z] [blockchain.js:92] [BlockchainService.<anonymous>] [INFO] 扫描任务: 1
[2025-03-25T02:41:32.631Z] [blockchain.js:113] [BlockchainService.<anonymous>] [INFO] 扫描链 1 区块范围: 22120996-22120996
[2025-03-25T02:41:43.325Z] [blockchain.js:92] [BlockchainService.<anonymous>] [INFO] 扫描任务: 1
[2025-03-25T02:41:43.893Z] [blockchain.js:113] [BlockchainService.<anonymous>] [INFO] 扫描链 1 区块范围: 22120997-22120997
[2025-03-25T02:41:54.473Z] [blockchain.js:92] [BlockchainService.<anonymous>] [INFO] 扫描任务: 1
[2025-03-25T02:41:55.044Z] [blockchain.js:113] [BlockchainService.<anonymous>] [INFO] 扫描链 1 区块范围: 22120998-22120998
[2025-03-25T02:42:05.604Z] [blockchain.js:92] [BlockchainService.<anonymous>] [INFO] 扫描任务: 1
[2025-03-25T02:42:06.176Z] [blockchain.js:113] [BlockchainService.<anonymous>] [INFO] 扫描链 1 区块范围: 22120999-22120999
[2025-03-25T02:42:16.737Z] [blockchain.js:92] [BlockchainService.<anonymous>] [INFO] 扫描任务: 1
[2025-03-25T02:42:17.310Z] [blockchain.js:113] [BlockchainService.<anonymous>] [INFO] 扫描链 1 区块范围: 22121000-22121000
[2025-03-25T02:42:27.897Z] [blockchain.js:92] [BlockchainService.<anonymous>] [INFO] 扫描任务: 1
[2025-03-25T02:42:28.458Z] [blockchain.js:113] [BlockchainService.<anonymous>] [INFO] 扫描链 1 区块范围: 22121001-22121001
[2025-03-25T02:42:39.029Z] [blockchain.js:92] [BlockchainService.<anonymous>] [INFO] 扫描任务: 1
[2025-03-25T02:42:40.772Z] [blockchain.js:113] [BlockchainService.<anonymous>] [INFO] 扫描链 1 区块范围: 22121002-22121002
[2025-03-25T02:42:51.986Z] [blockchain.js:92] [BlockchainService.<anonymous>] [INFO] 扫描任务: 1
[2025-03-25T02:42:52.575Z] [blockchain.js:113] [BlockchainService.<anonymous>] [INFO] 扫描链 1 区块范围: 22121003-22121003
[2025-03-25T02:43:03.160Z] [blockchain.js:92] [BlockchainService.<anonymous>] [INFO] 扫描任务: 1
[2025-03-25T02:43:03.740Z] [blockchain.js:113] [BlockchainService.<anonymous>] [INFO] 扫描链 1 区块范围: 22121004-22121004
[2025-03-25T02:43:14.318Z] [blockchain.js:92] [BlockchainService.<anonymous>] [INFO] 扫描任务: 1
[2025-03-25T02:43:14.880Z] [blockchain.js:113] [BlockchainService.<anonymous>] [INFO] 扫描链 1 区块范围: 22121005-22121005
[2025-03-25T02:43:25.836Z] [blockchain.js:92] [BlockchainService.<anonymous>] [INFO] 扫描任务: 1
[2025-03-25T02:43:26.420Z] [blockchain.js:113] [BlockchainService.<anonymous>] [INFO] 扫描链 1 区块范围: 22121006-22121006
[2025-03-25T02:43:36.994Z] [blockchain.js:92] [BlockchainService.<anonymous>] [INFO] 扫描任务: 1
[2025-03-25T02:43:37.548Z] [blockchain.js:107] [BlockchainService.<anonymous>] [WARN] 无效区块范围: chain_id=1, toBlock=22121006, from_block=22121007
[2025-03-25T02:43:47.553Z] [blockchain.js:92] [BlockchainService.<anonymous>] [INFO] 扫描任务: 1
[2025-03-25T02:43:48.143Z] [blockchain.js:113] [BlockchainService.<anonymous>] [INFO] 扫描链 1 区块范围: 22121007-22121007
[2025-03-25T02:44:00.309Z] [blockchain.js:92] [BlockchainService.<anonymous>] [INFO] 扫描任务: 1
[2025-03-25T02:44:00.868Z] [blockchain.js:113] [BlockchainService.<anonymous>] [INFO] 扫描链 1 区块范围: 22121008-22121008
[2025-03-25T02:44:11.478Z] [blockchain.js:92] [BlockchainService.<anonymous>] [INFO] 扫描任务: 1
[2025-03-25T02:44:12.064Z] [blockchain.js:113] [BlockchainService.<anonymous>] [INFO] 扫描链 1 区块范围: 22121009-22121009
[2025-03-25T02:44:22.659Z] [blockchain.js:92] [BlockchainService.<anonymous>] [INFO] 扫描任务: 1
[2025-03-25T02:44:23.219Z] [blockchain.js:113] [BlockchainService.<anonymous>] [INFO] 扫描链 1 区块范围: 22121010-22121010
[2025-03-25T02:44:51.616Z] [blockchain.js:175] [BlockchainService.<anonymous>] [ERROR] 扫描链 1 失败: Error: read ECONNRESET
[2025-03-25T02:45:01.621Z] [blockchain.js:92] [BlockchainService.<anonymous>] [INFO] 扫描任务: 1
[2025-03-25T02:45:02.255Z] [blockchain.js:113] [BlockchainService.<anonymous>] [INFO] 扫描链 1 区块范围: 22121010-22121013
[2025-03-25T02:45:14.440Z] [blockchain.js:92] [BlockchainService.<anonymous>] [INFO] 扫描任务: 1
[2025-03-25T02:45:15.297Z] [blockchain.js:113] [BlockchainService.<anonymous>] [INFO] 扫描链 1 区块范围: 22121014-22121015
[2025-03-25T02:45:25.886Z] [blockchain.js:92] [BlockchainService.<anonymous>] [INFO] 扫描任务: 1
[2025-03-25T02:45:26.479Z] [blockchain.js:113] [BlockchainService.<anonymous>] [INFO] 扫描链 1 区块范围: 22121016-22121016
[2025-03-25T02:45:37.077Z] [blockchain.js:92] [BlockchainService.<anonymous>] [INFO] 扫描任务: 1
[2025-03-25T02:45:37.652Z] [blockchain.js:107] [BlockchainService.<anonymous>] [WARN] 无效区块范围: chain_id=1, toBlock=22121016, from_block=22121017
[2025-03-25T02:45:47.658Z] [blockchain.js:92] [BlockchainService.<anonymous>] [INFO] 扫描任务: 1
[2025-03-25T02:45:48.225Z] [blockchain.js:113] [BlockchainService.<anonymous>] [INFO] 扫描链 1 区块范围: 22121017-22121017
[2025-03-25T02:45:58.919Z] [blockchain.js:92] [BlockchainService.<anonymous>] [INFO] 扫描任务: 1
[2025-03-25T02:45:59.474Z] [blockchain.js:113] [BlockchainService.<anonymous>] [INFO] 扫描链 1 区块范围: 22121018-22121018
[2025-03-25T02:46:10.054Z] [blockchain.js:92] [BlockchainService.<anonymous>] [INFO] 扫描任务: 1
[2025-03-25T02:46:10.649Z] [blockchain.js:113] [BlockchainService.<anonymous>] [INFO] 扫描链 1 区块范围: 22121019-22121019
[2025-03-25T02:46:21.225Z] [blockchain.js:92] [BlockchainService.<anonymous>] [INFO] 扫描任务: 1
[2025-03-25T02:46:21.820Z] [blockchain.js:113] [BlockchainService.<anonymous>] [INFO] 扫描链 1 区块范围: 22121020-22121020
[2025-03-25T02:46:32.406Z] [blockchain.js:92] [BlockchainService.<anonymous>] [INFO] 扫描任务: 1
[2025-03-25T02:46:32.992Z] [blockchain.js:113] [BlockchainService.<anonymous>] [INFO] 扫描链 1 区块范围: 22121021-22121021
[2025-03-25T02:46:43.576Z] [blockchain.js:92] [BlockchainService.<anonymous>] [INFO] 扫描任务: 1
[2025-03-25T02:46:44.174Z] [blockchain.js:113] [BlockchainService.<anonymous>] [INFO] 扫描链 1 区块范围: 22121022-22121022
[2025-03-25T02:46:54.746Z] [blockchain.js:92] [BlockchainService.<anonymous>] [INFO] 扫描任务: 1
[2025-03-25T02:46:55.331Z] [blockchain.js:113] [BlockchainService.<anonymous>] [INFO] 扫描链 1 区块范围: 22121023-22121023
[2025-03-25T02:47:05.944Z] [blockchain.js:92] [BlockchainService.<anonymous>] [INFO] 扫描任务: 1
[2025-03-25T02:47:06.510Z] [blockchain.js:113] [BlockchainService.<anonymous>] [INFO] 扫描链 1 区块范围: 22121024-22121024
[2025-03-25T02:47:17.092Z] [blockchain.js:92] [BlockchainService.<anonymous>] [INFO] 扫描任务: 1
[2025-03-25T02:47:17.660Z] [blockchain.js:113] [BlockchainService.<anonymous>] [INFO] 扫描链 1 区块范围: 22121025-22121025
[2025-03-25T02:47:28.240Z] [blockchain.js:92] [BlockchainService.<anonymous>] [INFO] 扫描任务: 1
[2025-03-25T02:47:28.810Z] [blockchain.js:113] [BlockchainService.<anonymous>] [INFO] 扫描链 1 区块范围: 22121026-22121026
[2025-03-25T02:47:39.378Z] [blockchain.js:92] [BlockchainService.<anonymous>] [INFO] 扫描任务: 1
[2025-03-25T02:47:40.105Z] [blockchain.js:113] [BlockchainService.<anonymous>] [INFO] 扫描链 1 区块范围: 22121027-22121027
[2025-03-25T02:47:50.685Z] [blockchain.js:92] [BlockchainService.<anonymous>] [INFO] 扫描任务: 1
[2025-03-25T02:47:53.758Z] [blockchain.js:107] [BlockchainService.<anonymous>] [WARN] 无效区块范围: chain_id=1, toBlock=22121027, from_block=22121028
[2025-03-25T02:48:03.762Z] [blockchain.js:92] [BlockchainService.<anonymous>] [INFO] 扫描任务: 1
[2025-03-25T02:48:04.316Z] [blockchain.js:113] [BlockchainService.<anonymous>] [INFO] 扫描链 1 区块范围: 22121028-22121028
[2025-03-25T02:48:14.874Z] [blockchain.js:92] [BlockchainService.<anonymous>] [INFO] 扫描任务: 1
[2025-03-25T02:48:16.647Z] [blockchain.js:113] [BlockchainService.<anonymous>] [INFO] 扫描链 1 区块范围: 22121029-22121029
[2025-03-25T02:48:27.270Z] [blockchain.js:92] [BlockchainService.<anonymous>] [INFO] 扫描任务: 1
[2025-03-25T02:48:27.843Z] [blockchain.js:113] [BlockchainService.<anonymous>] [INFO] 扫描链 1 区块范围: 22121030-22121030
[2025-03-25T02:48:38.447Z] [blockchain.js:92] [BlockchainService.<anonymous>] [INFO] 扫描任务: 1
[2025-03-25T02:48:39.004Z] [blockchain.js:113] [BlockchainService.<anonymous>] [INFO] 扫描链 1 区块范围: 22121031-22121031
[2025-03-25T02:48:49.569Z] [blockchain.js:92] [BlockchainService.<anonymous>] [INFO] 扫描任务: 1
[2025-03-25T02:48:50.150Z] [blockchain.js:107] [BlockchainService.<anonymous>] [WARN] 无效区块范围: chain_id=1, toBlock=22121031, from_block=22121032
[2025-03-25T02:49:00.153Z] [blockchain.js:92] [BlockchainService.<anonymous>] [INFO] 扫描任务: 1
[2025-03-25T02:49:01.113Z] [blockchain.js:113] [BlockchainService.<anonymous>] [INFO] 扫描链 1 区块范围: 22121032-22121032
[2025-03-25T02:49:12.636Z] [blockchain.js:92] [BlockchainService.<anonymous>] [INFO] 扫描任务: 1
[2025-03-25T02:49:13.202Z] [blockchain.js:113] [BlockchainService.<anonymous>] [INFO] 扫描链 1 区块范围: 22121033-22121033
[2025-03-25T02:49:23.775Z] [blockchain.js:92] [BlockchainService.<anonymous>] [INFO] 扫描任务: 1
[2025-03-25T02:49:24.356Z] [blockchain.js:113] [BlockchainService.<anonymous>] [INFO] 扫描链 1 区块范围: 22121034-22121034
[2025-03-25T02:49:37.148Z] [blockchain.js:92] [BlockchainService.<anonymous>] [INFO] 扫描任务: 1
[2025-03-25T02:49:37.706Z] [blockchain.js:113] [BlockchainService.<anonymous>] [INFO] 扫描链 1 区块范围: 22121035-22121035
[2025-03-25T02:49:48.281Z] [blockchain.js:92] [BlockchainService.<anonymous>] [INFO] 扫描任务: 1
[2025-03-25T02:49:51.170Z] [blockchain.js:113] [BlockchainService.<anonymous>] [INFO] 扫描链 1 区块范围: 22121036-22121037
[2025-03-25T02:50:01.731Z] [blockchain.js:92] [BlockchainService.<anonymous>] [INFO] 扫描任务: 1
[2025-03-25T02:50:02.314Z] [blockchain.js:113] [BlockchainService.<anonymous>] [INFO] 扫描链 1 区块范围: 22121038-22121038
[2025-03-25T02:50:12.908Z] [blockchain.js:92] [BlockchainService.<anonymous>] [INFO] 扫描任务: 1
[2025-03-25T02:50:13.483Z] [blockchain.js:107] [BlockchainService.<anonymous>] [WARN] 无效区块范围: chain_id=1, toBlock=22121038, from_block=22121039
[2025-03-25T02:50:23.486Z] [blockchain.js:92] [BlockchainService.<anonymous>] [INFO] 扫描任务: 1
[2025-03-25T02:50:24.050Z] [blockchain.js:113] [BlockchainService.<anonymous>] [INFO] 扫描链 1 区块范围: 22121039-22121039
[2025-03-25T02:50:34.623Z] [blockchain.js:92] [BlockchainService.<anonymous>] [INFO] 扫描任务: 1
[2025-03-25T02:50:35.186Z] [blockchain.js:113] [BlockchainService.<anonymous>] [INFO] 扫描链 1 区块范围: 22121040-22121040
[2025-03-25T02:50:45.781Z] [blockchain.js:92] [BlockchainService.<anonymous>] [INFO] 扫描任务: 1
[2025-03-25T02:50:46.368Z] [blockchain.js:113] [BlockchainService.<anonymous>] [INFO] 扫描链 1 区块范围: 22121041-22121041
[2025-03-25T02:50:56.940Z] [blockchain.js:92] [BlockchainService.<anonymous>] [INFO] 扫描任务: 1
[2025-03-25T02:50:57.574Z] [blockchain.js:113] [BlockchainService.<anonymous>] [INFO] 扫描链 1 区块范围: 22121042-22121042
[2025-03-25T02:51:08.170Z] [blockchain.js:92] [BlockchainService.<anonymous>] [INFO] 扫描任务: 1
[2025-03-25T02:51:08.750Z] [blockchain.js:113] [BlockchainService.<anonymous>] [INFO] 扫描链 1 区块范围: 22121043-22121043
[2025-03-25T02:51:19.320Z] [blockchain.js:92] [BlockchainService.<anonymous>] [INFO] 扫描任务: 1
[2025-03-25T02:51:19.913Z] [blockchain.js:113] [BlockchainService.<anonymous>] [INFO] 扫描链 1 区块范围: 22121044-22121044
[2025-03-25T02:51:30.490Z] [blockchain.js:92] [BlockchainService.<anonymous>] [INFO] 扫描任务: 1
[2025-03-25T02:51:32.085Z] [blockchain.js:113] [BlockchainService.<anonymous>] [INFO] 扫描链 1 区块范围: 22121045-22121045
[2025-03-25T02:51:42.667Z] [blockchain.js:92] [BlockchainService.<anonymous>] [INFO] 扫描任务: 1
[2025-03-25T02:51:43.250Z] [blockchain.js:113] [BlockchainService.<anonymous>] [INFO] 扫描链 1 区块范围: 22121046-22121046
[2025-03-25T02:51:53.837Z] [blockchain.js:92] [BlockchainService.<anonymous>] [INFO] 扫描任务: 1
[2025-03-25T02:51:54.427Z] [blockchain.js:113] [BlockchainService.<anonymous>] [INFO] 扫描链 1 区块范围: 22121047-22121047
[2025-03-25T02:52:04.989Z] [blockchain.js:92] [BlockchainService.<anonymous>] [INFO] 扫描任务: 1
[2025-03-25T02:52:05.543Z] [blockchain.js:113] [BlockchainService.<anonymous>] [INFO] 扫描链 1 区块范围: 22121048-22121048
[2025-03-25T02:52:16.118Z] [blockchain.js:92] [BlockchainService.<anonymous>] [INFO] 扫描任务: 1
[2025-03-25T02:52:16.703Z] [blockchain.js:113] [BlockchainService.<anonymous>] [INFO] 扫描链 1 区块范围: 22121049-22121049
[2025-03-25T02:52:27.277Z] [blockchain.js:92] [BlockchainService.<anonymous>] [INFO] 扫描任务: 1
[2025-03-25T02:52:27.860Z] [blockchain.js:113] [BlockchainService.<anonymous>] [INFO] 扫描链 1 区块范围: 22121050-22121050
[2025-03-25T02:52:38.421Z] [blockchain.js:92] [BlockchainService.<anonymous>] [INFO] 扫描任务: 1
[2025-03-25T02:52:38.995Z] [blockchain.js:113] [BlockchainService.<anonymous>] [INFO] 扫描链 1 区块范围: 22121051-22121051
[2025-03-25T02:52:55.644Z] [blockchain.js:92] [BlockchainService.<anonymous>] [INFO] 扫描任务: 1
[2025-03-25T02:52:56.214Z] [blockchain.js:113] [BlockchainService.<anonymous>] [INFO] 扫描链 1 区块范围: 22121052-22121052
[2025-03-25T02:53:06.783Z] [blockchain.js:92] [BlockchainService.<anonymous>] [INFO] 扫描任务: 1
[2025-03-25T02:53:07.422Z] [blockchain.js:113] [BlockchainService.<anonymous>] [INFO] 扫描链 1 区块范围: 22121053-22121053
[2025-03-25T02:53:17.999Z] [blockchain.js:92] [BlockchainService.<anonymous>] [INFO] 扫描任务: 1
[2025-03-25T02:53:18.575Z] [blockchain.js:113] [BlockchainService.<anonymous>] [INFO] 扫描链 1 区块范围: 22121054-22121054
[2025-03-25T02:53:23.599Z] [blockchain.js:175] [BlockchainService.<anonymous>] [ERROR] 扫描链 1 失败: Error: request timeout (code=TIMEOUT, version=6.13.5)
[2025-03-25T02:53:33.604Z] [blockchain.js:92] [BlockchainService.<anonymous>] [INFO] 扫描任务: 1
[2025-03-25T02:53:34.169Z] [blockchain.js:113] [BlockchainService.<anonymous>] [INFO] 扫描链 1 区块范围: 22121054-22121055
[2025-03-25T02:53:45.051Z] [blockchain.js:92] [BlockchainService.<anonymous>] [INFO] 扫描任务: 1
[2025-03-25T02:53:45.616Z] [blockchain.js:113] [BlockchainService.<anonymous>] [INFO] 扫描链 1 区块范围: 22121056-22121056
[2025-03-25T02:53:57.075Z] [blockchain.js:92] [BlockchainService.<anonymous>] [INFO] 扫描任务: 1
[2025-03-25T02:54:02.093Z] [unknown:unknown] [anonymous] [ERROR] Error: request timeout (code=TIMEOUT, version=6.13.5)
[2025-03-25T02:54:12.097Z] [blockchain.js:92] [BlockchainService.<anonymous>] [INFO] 扫描任务: 1
[2025-03-25T02:54:12.659Z] [blockchain.js:113] [BlockchainService.<anonymous>] [INFO] 扫描链 1 区块范围: 22121057-22121058
[2025-03-25T02:54:23.253Z] [blockchain.js:92] [BlockchainService.<anonymous>] [INFO] 扫描任务: 1
[2025-03-25T02:54:23.818Z] [blockchain.js:113] [BlockchainService.<anonymous>] [INFO] 扫描链 1 区块范围: 22121059-22121059
[2025-03-25T02:54:34.380Z] [blockchain.js:92] [BlockchainService.<anonymous>] [INFO] 扫描任务: 1
[2025-03-25T02:54:34.977Z] [blockchain.js:113] [BlockchainService.<anonymous>] [INFO] 扫描链 1 区块范围: 22121060-22121060
[2025-03-25T02:54:45.554Z] [blockchain.js:92] [BlockchainService.<anonymous>] [INFO] 扫描任务: 1
[2025-03-25T02:54:50.571Z] [unknown:unknown] [anonymous] [ERROR] Error: request timeout (code=TIMEOUT, version=6.13.5)
[2025-03-25T02:55:00.576Z] [blockchain.js:92] [BlockchainService.<anonymous>] [INFO] 扫描任务: 1
[2025-03-25T02:55:01.192Z] [blockchain.js:113] [BlockchainService.<anonymous>] [INFO] 扫描链 1 区块范围: 22121061-22121062
[2025-03-25T02:55:11.774Z] [blockchain.js:92] [BlockchainService.<anonymous>] [INFO] 扫描任务: 1
[2025-03-25T02:55:12.960Z] [blockchain.js:113] [BlockchainService.<anonymous>] [INFO] 扫描链 1 区块范围: 22121063-22121063
[2025-03-25T02:55:23.551Z] [blockchain.js:92] [BlockchainService.<anonymous>] [INFO] 扫描任务: 1
[2025-03-25T02:55:23.769Z] [blockchain.js:113] [BlockchainService.<anonymous>] [INFO] 扫描链 1 区块范围: 22121064-22121064
[2025-03-25T02:55:34.359Z] [blockchain.js:92] [BlockchainService.<anonymous>] [INFO] 扫描任务: 1
[2025-03-25T02:55:34.971Z] [blockchain.js:113] [BlockchainService.<anonymous>] [INFO] 扫描链 1 区块范围: 22121065-22121065
[2025-03-25T02:55:45.546Z] [blockchain.js:92] [BlockchainService.<anonymous>] [INFO] 扫描任务: 1
[2025-03-25T02:55:46.112Z] [blockchain.js:113] [BlockchainService.<anonymous>] [INFO] 扫描链 1 区块范围: 22121066-22121066
[2025-03-25T02:55:56.667Z] [blockchain.js:92] [BlockchainService.<anonymous>] [INFO] 扫描任务: 1
[2025-03-25T02:55:57.234Z] [blockchain.js:113] [BlockchainService.<anonymous>] [INFO] 扫描链 1 区块范围: 22121067-22121067
[2025-03-25T02:56:07.821Z] [blockchain.js:92] [BlockchainService.<anonymous>] [INFO] 扫描任务: 1
[2025-03-25T02:56:08.392Z] [blockchain.js:113] [BlockchainService.<anonymous>] [INFO] 扫描链 1 区块范围: 22121068-22121068
[2025-03-25T02:56:18.961Z] [blockchain.js:92] [BlockchainService.<anonymous>] [INFO] 扫描任务: 1
[2025-03-25T02:56:19.545Z] [blockchain.js:113] [BlockchainService.<anonymous>] [INFO] 扫描链 1 区块范围: 22121069-22121069
[2025-03-25T02:56:30.160Z] [blockchain.js:92] [BlockchainService.<anonymous>] [INFO] 扫描任务: 1
[2025-03-25T02:56:30.742Z] [blockchain.js:113] [BlockchainService.<anonymous>] [INFO] 扫描链 1 区块范围: 22121070-22121070
[2025-03-25T02:56:41.318Z] [blockchain.js:92] [BlockchainService.<anonymous>] [INFO] 扫描任务: 1
[2025-03-25T02:56:41.889Z] [blockchain.js:113] [BlockchainService.<anonymous>] [INFO] 扫描链 1 区块范围: 22121071-22121071
[2025-03-25T02:56:52.474Z] [blockchain.js:92] [BlockchainService.<anonymous>] [INFO] 扫描任务: 1
[2025-03-25T02:56:53.645Z] [blockchain.js:113] [BlockchainService.<anonymous>] [INFO] 扫描链 1 区块范围: 22121072-22121072
[2025-03-25T02:57:04.388Z] [blockchain.js:92] [BlockchainService.<anonymous>] [INFO] 扫描任务: 1
[2025-03-25T02:57:04.953Z] [blockchain.js:113] [BlockchainService.<anonymous>] [INFO] 扫描链 1 区块范围: 22121073-22121073
[2025-03-25T02:57:15.544Z] [blockchain.js:92] [BlockchainService.<anonymous>] [INFO] 扫描任务: 1
[2025-03-25T02:57:16.103Z] [blockchain.js:113] [BlockchainService.<anonymous>] [INFO] 扫描链 1 区块范围: 22121074-22121074
[2025-03-25T02:57:27.307Z] [blockchain.js:92] [BlockchainService.<anonymous>] [INFO] 扫描任务: 1
[2025-03-25T02:57:27.887Z] [blockchain.js:113] [BlockchainService.<anonymous>] [INFO] 扫描链 1 区块范围: 22121075-22121075
[2025-03-25T02:57:38.511Z] [blockchain.js:92] [BlockchainService.<anonymous>] [INFO] 扫描任务: 1
[2025-03-25T02:57:39.107Z] [blockchain.js:107] [BlockchainService.<anonymous>] [WARN] 无效区块范围: chain_id=1, toBlock=22121075, from_block=22121076
[2025-03-25T02:57:49.110Z] [blockchain.js:92] [BlockchainService.<anonymous>] [INFO] 扫描任务: 1
[2025-03-25T02:57:49.700Z] [blockchain.js:113] [BlockchainService.<anonymous>] [INFO] 扫描链 1 区块范围: 22121076-22121076
[2025-03-25T02:58:00.275Z] [blockchain.js:92] [BlockchainService.<anonymous>] [INFO] 扫描任务: 1
[2025-03-25T02:58:00.849Z] [blockchain.js:113] [BlockchainService.<anonymous>] [INFO] 扫描链 1 区块范围: 22121077-22121077
[2025-03-25T02:58:11.420Z] [blockchain.js:92] [BlockchainService.<anonymous>] [INFO] 扫描任务: 1
[2025-03-25T02:58:11.981Z] [blockchain.js:113] [BlockchainService.<anonymous>] [INFO] 扫描链 1 区块范围: 22121078-22121078
[2025-03-25T02:58:28.250Z] [blockchain.js:92] [BlockchainService.<anonymous>] [INFO] 扫描任务: 1
[2025-03-25T02:58:28.833Z] [blockchain.js:113] [BlockchainService.<anonymous>] [INFO] 扫描链 1 区块范围: 22121079-22121080
[2025-03-25T02:58:39.457Z] [blockchain.js:92] [BlockchainService.<anonymous>] [INFO] 扫描任务: 1
[2025-03-25T02:58:40.046Z] [blockchain.js:113] [BlockchainService.<anonymous>] [INFO] 扫描链 1 区块范围: 22121081-22121081
[2025-03-25T02:58:50.619Z] [blockchain.js:92] [BlockchainService.<anonymous>] [INFO] 扫描任务: 1
[2025-03-25T02:58:51.186Z] [blockchain.js:113] [BlockchainService.<anonymous>] [INFO] 扫描链 1 区块范围: 22121082-22121082
[2025-03-25T02:59:01.775Z] [blockchain.js:92] [BlockchainService.<anonymous>] [INFO] 扫描任务: 1
[2025-03-25T02:59:02.371Z] [blockchain.js:113] [BlockchainService.<anonymous>] [INFO] 扫描链 1 区块范围: 22121083-22121083
[2025-03-25T02:59:12.933Z] [blockchain.js:92] [BlockchainService.<anonymous>] [INFO] 扫描任务: 1
[2025-03-25T02:59:13.616Z] [blockchain.js:113] [BlockchainService.<anonymous>] [INFO] 扫描链 1 区块范围: 22121084-22121084
[2025-03-25T02:59:24.196Z] [blockchain.js:92] [BlockchainService.<anonymous>] [INFO] 扫描任务: 1
[2025-03-25T02:59:24.761Z] [blockchain.js:107] [BlockchainService.<anonymous>] [WARN] 无效区块范围: chain_id=1, toBlock=22121084, from_block=22121085
[2025-03-25T02:59:34.770Z] [blockchain.js:92] [BlockchainService.<anonymous>] [INFO] 扫描任务: 1
[2025-03-25T02:59:35.339Z] [blockchain.js:113] [BlockchainService.<anonymous>] [INFO] 扫描链 1 区块范围: 22121085-22121085
[2025-03-25T02:59:45.910Z] [blockchain.js:92] [BlockchainService.<anonymous>] [INFO] 扫描任务: 1
[2025-03-25T02:59:46.477Z] [blockchain.js:113] [BlockchainService.<anonymous>] [INFO] 扫描链 1 区块范围: 22121086-22121086
[2025-03-25T02:59:58.529Z] [blockchain.js:92] [BlockchainService.<anonymous>] [INFO] 扫描任务: 1
[2025-03-25T02:59:59.098Z] [blockchain.js:113] [BlockchainService.<anonymous>] [INFO] 扫描链 1 区块范围: 22121087-22121087
[2025-03-25T03:00:09.683Z] [blockchain.js:92] [BlockchainService.<anonymous>] [INFO] 扫描任务: 1
[2025-03-25T03:00:10.275Z] [blockchain.js:113] [BlockchainService.<anonymous>] [INFO] 扫描链 1 区块范围: 22121088-22121088
[2025-03-25T03:00:20.847Z] [blockchain.js:92] [BlockchainService.<anonymous>] [INFO] 扫描任务: 1
[2025-03-25T03:00:21.420Z] [blockchain.js:107] [BlockchainService.<anonymous>] [WARN] 无效区块范围: chain_id=1, toBlock=22121088, from_block=22121089
[2025-03-25T03:00:31.424Z] [blockchain.js:92] [BlockchainService.<anonymous>] [INFO] 扫描任务: 1
[2025-03-25T03:00:31.999Z] [blockchain.js:113] [BlockchainService.<anonymous>] [INFO] 扫描链 1 区块范围: 22121089-22121089
[2025-03-25T03:00:42.580Z] [blockchain.js:92] [BlockchainService.<anonymous>] [INFO] 扫描任务: 1
[2025-03-25T03:00:43.167Z] [blockchain.js:113] [BlockchainService.<anonymous>] [INFO] 扫描链 1 区块范围: 22121090-22121090
[2025-03-25T03:00:53.728Z] [blockchain.js:92] [BlockchainService.<anonymous>] [INFO] 扫描任务: 1
[2025-03-25T03:00:54.295Z] [blockchain.js:113] [BlockchainService.<anonymous>] [INFO] 扫描链 1 区块范围: 22121091-22121091
[2025-03-25T03:01:05.090Z] [blockchain.js:92] [BlockchainService.<anonymous>] [INFO] 扫描任务: 1
[2025-03-25T03:01:05.669Z] [blockchain.js:113] [BlockchainService.<anonymous>] [INFO] 扫描链 1 区块范围: 22121092-22121092
[2025-03-25T03:01:16.257Z] [blockchain.js:92] [BlockchainService.<anonymous>] [INFO] 扫描任务: 1
[2025-03-25T03:01:16.823Z] [blockchain.js:113] [BlockchainService.<anonymous>] [INFO] 扫描链 1 区块范围: 22121093-22121093
[2025-03-25T03:01:27.848Z] [blockchain.js:92] [BlockchainService.<anonymous>] [INFO] 扫描任务: 1
[2025-03-25T03:01:28.405Z] [blockchain.js:113] [BlockchainService.<anonymous>] [INFO] 扫描链 1 区块范围: 22121094-22121094
[2025-03-25T03:01:38.981Z] [blockchain.js:92] [BlockchainService.<anonymous>] [INFO] 扫描任务: 1
[2025-03-25T03:01:39.632Z] [blockchain.js:107] [BlockchainService.<anonymous>] [WARN] 无效区块范围: chain_id=1, toBlock=22121094, from_block=22121095
[2025-03-25T03:01:49.636Z] [blockchain.js:92] [BlockchainService.<anonymous>] [INFO] 扫描任务: 1
[2025-03-25T03:01:50.206Z] [blockchain.js:113] [BlockchainService.<anonymous>] [INFO] 扫描链 1 区块范围: 22121095-22121095
[2025-03-25T03:02:00.782Z] [blockchain.js:92] [BlockchainService.<anonymous>] [INFO] 扫描任务: 1
[2025-03-25T03:02:01.343Z] [blockchain.js:113] [BlockchainService.<anonymous>] [INFO] 扫描链 1 区块范围: 22121096-22121096
[2025-03-25T03:02:12.047Z] [blockchain.js:92] [BlockchainService.<anonymous>] [INFO] 扫描任务: 1
[2025-03-25T03:02:12.637Z] [blockchain.js:113] [BlockchainService.<anonymous>] [INFO] 扫描链 1 区块范围: 22121097-22121097
[2025-03-25T03:02:23.229Z] [blockchain.js:92] [BlockchainService.<anonymous>] [INFO] 扫描任务: 1
[2025-03-25T03:02:23.820Z] [blockchain.js:113] [BlockchainService.<anonymous>] [INFO] 扫描链 1 区块范围: 22121098-22121098
[2025-03-25T03:02:34.396Z] [blockchain.js:92] [BlockchainService.<anonymous>] [INFO] 扫描任务: 1
[2025-03-25T03:02:35.004Z] [blockchain.js:113] [BlockchainService.<anonymous>] [INFO] 扫描链 1 区块范围: 22121099-22121099
[2025-03-25T03:02:45.604Z] [blockchain.js:92] [BlockchainService.<anonymous>] [INFO] 扫描任务: 1
[2025-03-25T03:02:46.194Z] [blockchain.js:113] [BlockchainService.<anonymous>] [INFO] 扫描链 1 区块范围: 22121100-22121100
[2025-03-25T03:02:56.827Z] [blockchain.js:92] [BlockchainService.<anonymous>] [INFO] 扫描任务: 1
[2025-03-25T03:02:57.397Z] [blockchain.js:113] [BlockchainService.<anonymous>] [INFO] 扫描链 1 区块范围: 22121101-22121101
[2025-03-25T03:03:07.972Z] [blockchain.js:92] [BlockchainService.<anonymous>] [INFO] 扫描任务: 1
[2025-03-25T03:03:08.555Z] [blockchain.js:113] [BlockchainService.<anonymous>] [INFO] 扫描链 1 区块范围: 22121102-22121102
[2025-03-25T03:03:21.343Z] [blockchain.js:92] [BlockchainService.<anonymous>] [INFO] 扫描任务: 1
[2025-03-25T03:03:22.020Z] [blockchain.js:113] [BlockchainService.<anonymous>] [INFO] 扫描链 1 区块范围: 22121103-22121103
[2025-03-25T03:03:33.697Z] [blockchain.js:92] [BlockchainService.<anonymous>] [INFO] 扫描任务: 1
[2025-03-25T03:03:34.854Z] [blockchain.js:113] [BlockchainService.<anonymous>] [INFO] 扫描链 1 区块范围: 22121104-22121104
[2025-03-25T03:03:46.016Z] [blockchain.js:92] [BlockchainService.<anonymous>] [INFO] 扫描任务: 1
[2025-03-25T03:03:46.580Z] [blockchain.js:113] [BlockchainService.<anonymous>] [INFO] 扫描链 1 区块范围: 22121105-22121105
[2025-03-25T03:03:57.168Z] [blockchain.js:92] [BlockchainService.<anonymous>] [INFO] 扫描任务: 1
[2025-03-25T03:03:57.797Z] [blockchain.js:113] [BlockchainService.<anonymous>] [INFO] 扫描链 1 区块范围: 22121106-22121106
[2025-03-25T03:04:08.368Z] [blockchain.js:92] [BlockchainService.<anonymous>] [INFO] 扫描任务: 1
[2025-03-25T03:04:08.932Z] [blockchain.js:113] [BlockchainService.<anonymous>] [INFO] 扫描链 1 区块范围: 22121107-22121107
[2025-03-25T03:04:19.514Z] [blockchain.js:92] [BlockchainService.<anonymous>] [INFO] 扫描任务: 1
[2025-03-25T03:04:20.104Z] [blockchain.js:113] [BlockchainService.<anonymous>] [INFO] 扫描链 1 区块范围: 22121108-22121108
[2025-03-25T03:04:30.712Z] [blockchain.js:92] [BlockchainService.<anonymous>] [INFO] 扫描任务: 1
[2025-03-25T03:04:31.273Z] [blockchain.js:113] [BlockchainService.<anonymous>] [INFO] 扫描链 1 区块范围: 22121109-22121109
[2025-03-25T03:04:41.845Z] [blockchain.js:92] [BlockchainService.<anonymous>] [INFO] 扫描任务: 1
[2025-03-25T03:04:42.423Z] [blockchain.js:113] [BlockchainService.<anonymous>] [INFO] 扫描链 1 区块范围: 22121110-22121110
[2025-03-25T03:04:53.014Z] [blockchain.js:92] [BlockchainService.<anonymous>] [INFO] 扫描任务: 1
[2025-03-25T03:04:53.597Z] [blockchain.js:113] [BlockchainService.<anonymous>] [INFO] 扫描链 1 区块范围: 22121111-22121111
[2025-03-25T03:05:04.200Z] [blockchain.js:92] [BlockchainService.<anonymous>] [INFO] 扫描任务: 1
[2025-03-25T03:05:09.245Z] [blockchain.js:113] [BlockchainService.<anonymous>] [INFO] 扫描链 1 区块范围: 22121112-22121112
[2025-03-25T03:05:20.524Z] [blockchain.js:92] [BlockchainService.<anonymous>] [INFO] 扫描任务: 1
[2025-03-25T03:05:21.240Z] [blockchain.js:113] [BlockchainService.<anonymous>] [INFO] 扫描链 1 区块范围: 22121113-22121113
[2025-03-25T03:05:31.882Z] [blockchain.js:92] [BlockchainService.<anonymous>] [INFO] 扫描任务: 1
[2025-03-25T03:05:32.445Z] [blockchain.js:113] [BlockchainService.<anonymous>] [INFO] 扫描链 1 区块范围: 22121114-22121114
[2025-03-25T03:05:43.042Z] [blockchain.js:92] [BlockchainService.<anonymous>] [INFO] 扫描任务: 1
[2025-03-25T03:05:43.623Z] [blockchain.js:113] [BlockchainService.<anonymous>] [INFO] 扫描链 1 区块范围: 22121115-22121115
[2025-03-25T03:05:54.421Z] [blockchain.js:92] [BlockchainService.<anonymous>] [INFO] 扫描任务: 1
[2025-03-25T03:05:55.030Z] [blockchain.js:113] [BlockchainService.<anonymous>] [INFO] 扫描链 1 区块范围: 22121116-22121116
[2025-03-25T03:06:05.607Z] [blockchain.js:92] [BlockchainService.<anonymous>] [INFO] 扫描任务: 1
[2025-03-25T03:06:06.177Z] [blockchain.js:113] [BlockchainService.<anonymous>] [INFO] 扫描链 1 区块范围: 22121117-22121117
[2025-03-25T03:06:16.756Z] [blockchain.js:92] [BlockchainService.<anonymous>] [INFO] 扫描任务: 1
[2025-03-25T03:06:17.353Z] [blockchain.js:113] [BlockchainService.<anonymous>] [INFO] 扫描链 1 区块范围: 22121118-22121118
[2025-03-25T03:06:27.959Z] [blockchain.js:92] [BlockchainService.<anonymous>] [INFO] 扫描任务: 1
[2025-03-25T03:06:28.532Z] [blockchain.js:113] [BlockchainService.<anonymous>] [INFO] 扫描链 1 区块范围: 22121119-22121119
[2025-03-25T03:06:39.134Z] [blockchain.js:92] [BlockchainService.<anonymous>] [INFO] 扫描任务: 1
[2025-03-25T03:06:47.586Z] [blockchain.js:113] [BlockchainService.<anonymous>] [INFO] 扫描链 1 区块范围: 22121120-22121120
[2025-03-25T03:06:58.164Z] [blockchain.js:92] [BlockchainService.<anonymous>] [INFO] 扫描任务: 1
[2025-03-25T03:06:58.738Z] [blockchain.js:113] [BlockchainService.<anonymous>] [INFO] 扫描链 1 区块范围: 22121121-22121121
[2025-03-25T03:07:09.311Z] [blockchain.js:92] [BlockchainService.<anonymous>] [INFO] 扫描任务: 1
[2025-03-25T03:07:09.898Z] [blockchain.js:113] [BlockchainService.<anonymous>] [INFO] 扫描链 1 区块范围: 22121122-22121122
[2025-03-25T03:07:20.491Z] [blockchain.js:92] [BlockchainService.<anonymous>] [INFO] 扫描任务: 1
[2025-03-25T03:07:21.064Z] [blockchain.js:113] [BlockchainService.<anonymous>] [INFO] 扫描链 1 区块范围: 22121123-22121123
[2025-03-25T03:07:32.190Z] [blockchain.js:92] [BlockchainService.<anonymous>] [INFO] 扫描任务: 1
[2025-03-25T03:07:32.784Z] [blockchain.js:113] [BlockchainService.<anonymous>] [INFO] 扫描链 1 区块范围: 22121124-22121124
[2025-03-25T03:07:43.395Z] [blockchain.js:92] [BlockchainService.<anonymous>] [INFO] 扫描任务: 1
[2025-03-25T03:07:44.024Z] [blockchain.js:113] [BlockchainService.<anonymous>] [INFO] 扫描链 1 区块范围: 22121125-22121125
[2025-03-25T03:07:54.661Z] [blockchain.js:92] [BlockchainService.<anonymous>] [INFO] 扫描任务: 1
[2025-03-25T03:07:55.268Z] [blockchain.js:113] [BlockchainService.<anonymous>] [INFO] 扫描链 1 区块范围: 22121126-22121126
[2025-03-25T03:08:05.844Z] [blockchain.js:92] [BlockchainService.<anonymous>] [INFO] 扫描任务: 1
[2025-03-25T03:08:06.412Z] [blockchain.js:113] [BlockchainService.<anonymous>] [INFO] 扫描链 1 区块范围: 22121127-22121127
[2025-03-25T03:08:16.978Z] [blockchain.js:92] [BlockchainService.<anonymous>] [INFO] 扫描任务: 1
[2025-03-25T03:08:17.661Z] [blockchain.js:113] [BlockchainService.<anonymous>] [INFO] 扫描链 1 区块范围: 22121128-22121128
[2025-03-25T03:08:28.233Z] [blockchain.js:92] [BlockchainService.<anonymous>] [INFO] 扫描任务: 1
[2025-03-25T03:08:28.796Z] [blockchain.js:113] [BlockchainService.<anonymous>] [INFO] 扫描链 1 区块范围: 22121129-22121129
[2025-03-25T03:08:39.364Z] [blockchain.js:92] [BlockchainService.<anonymous>] [INFO] 扫描任务: 1
[2025-03-25T03:08:39.985Z] [blockchain.js:113] [BlockchainService.<anonymous>] [INFO] 扫描链 1 区块范围: 22121130-22121130
[2025-03-25T03:08:50.560Z] [blockchain.js:92] [BlockchainService.<anonymous>] [INFO] 扫描任务: 1
[2025-03-25T03:08:51.144Z] [blockchain.js:113] [BlockchainService.<anonymous>] [INFO] 扫描链 1 区块范围: 22121131-22121131
[2025-03-25T03:09:01.756Z] [blockchain.js:92] [BlockchainService.<anonymous>] [INFO] 扫描任务: 1
[2025-03-25T03:09:02.354Z] [blockchain.js:107] [BlockchainService.<anonymous>] [WARN] 无效区块范围: chain_id=1, toBlock=22121131, from_block=22121132
[2025-03-25T03:09:12.358Z] [blockchain.js:92] [BlockchainService.<anonymous>] [INFO] 扫描任务: 1
[2025-03-25T03:09:12.975Z] [blockchain.js:113] [BlockchainService.<anonymous>] [INFO] 扫描链 1 区块范围: 22121132-22121132
[2025-03-25T03:09:24.438Z] [blockchain.js:92] [BlockchainService.<anonymous>] [INFO] 扫描任务: 1
[2025-03-25T03:09:25.035Z] [blockchain.js:113] [BlockchainService.<anonymous>] [INFO] 扫描链 1 区块范围: 22121133-22121133
[2025-03-25T03:09:35.600Z] [blockchain.js:92] [BlockchainService.<anonymous>] [INFO] 扫描任务: 1
[2025-03-25T03:09:36.181Z] [blockchain.js:113] [BlockchainService.<anonymous>] [INFO] 扫描链 1 区块范围: 22121134-22121134
[2025-03-25T03:09:46.792Z] [blockchain.js:92] [BlockchainService.<anonymous>] [INFO] 扫描任务: 1
[2025-03-25T03:09:47.419Z] [blockchain.js:113] [BlockchainService.<anonymous>] [INFO] 扫描链 1 区块范围: 22121135-22121135
[2025-03-25T03:09:57.993Z] [blockchain.js:92] [BlockchainService.<anonymous>] [INFO] 扫描任务: 1
[2025-03-25T03:09:58.574Z] [blockchain.js:113] [BlockchainService.<anonymous>] [INFO] 扫描链 1 区块范围: 22121136-22121136
[2025-03-25T03:10:09.186Z] [blockchain.js:92] [BlockchainService.<anonymous>] [INFO] 扫描任务: 1
[2025-03-25T03:10:09.780Z] [blockchain.js:113] [BlockchainService.<anonymous>] [INFO] 扫描链 1 区块范围: 22121137-22121137
[2025-03-25T03:10:20.382Z] [blockchain.js:92] [BlockchainService.<anonymous>] [INFO] 扫描任务: 1
[2025-03-25T03:10:20.987Z] [blockchain.js:113] [BlockchainService.<anonymous>] [INFO] 扫描链 1 区块范围: 22121138-22121138
[2025-03-25T03:10:31.577Z] [blockchain.js:92] [BlockchainService.<anonymous>] [INFO] 扫描任务: 1
[2025-03-25T03:10:35.788Z] [blockchain.js:113] [BlockchainService.<anonymous>] [INFO] 扫描链 1 区块范围: 22121139-22121139
[2025-03-25T03:10:47.102Z] [blockchain.js:92] [BlockchainService.<anonymous>] [INFO] 扫描任务: 1
[2025-03-25T03:10:47.716Z] [blockchain.js:113] [BlockchainService.<anonymous>] [INFO] 扫描链 1 区块范围: 22121140-22121140
[2025-03-25T03:10:58.330Z] [blockchain.js:92] [BlockchainService.<anonymous>] [INFO] 扫描任务: 1
[2025-03-25T03:10:58.929Z] [blockchain.js:113] [BlockchainService.<anonymous>] [INFO] 扫描链 1 区块范围: 22121141-22121141
[2025-03-25T03:11:09.528Z] [blockchain.js:92] [BlockchainService.<anonymous>] [INFO] 扫描任务: 1
[2025-03-25T03:11:10.094Z] [blockchain.js:113] [BlockchainService.<anonymous>] [INFO] 扫描链 1 区块范围: 22121142-22121142
[2025-03-25T03:11:20.685Z] [blockchain.js:92] [BlockchainService.<anonymous>] [INFO] 扫描任务: 1
[2025-03-25T03:11:21.252Z] [blockchain.js:113] [BlockchainService.<anonymous>] [INFO] 扫描链 1 区块范围: 22121143-22121143
[2025-03-25T03:11:31.863Z] [blockchain.js:92] [BlockchainService.<anonymous>] [INFO] 扫描任务: 1
[2025-03-25T03:11:32.460Z] [blockchain.js:113] [BlockchainService.<anonymous>] [INFO] 扫描链 1 区块范围: 22121144-22121144
[2025-03-25T03:11:43.023Z] [blockchain.js:92] [BlockchainService.<anonymous>] [INFO] 扫描任务: 1
[2025-03-25T03:11:43.596Z] [blockchain.js:113] [BlockchainService.<anonymous>] [INFO] 扫描链 1 区块范围: 22121145-22121145
[2025-03-25T03:11:54.231Z] [blockchain.js:92] [BlockchainService.<anonymous>] [INFO] 扫描任务: 1
[2025-03-25T03:11:54.820Z] [blockchain.js:113] [BlockchainService.<anonymous>] [INFO] 扫描链 1 区块范围: 22121146-22121146
[2025-03-25T03:12:05.439Z] [blockchain.js:92] [BlockchainService.<anonymous>] [INFO] 扫描任务: 1
[2025-03-25T03:12:06.019Z] [blockchain.js:113] [BlockchainService.<anonymous>] [INFO] 扫描链 1 区块范围: 22121147-22121147
[2025-03-25T03:12:16.616Z] [blockchain.js:92] [BlockchainService.<anonymous>] [INFO] 扫描任务: 1
[2025-03-25T03:12:17.187Z] [blockchain.js:113] [BlockchainService.<anonymous>] [INFO] 扫描链 1 区块范围: 22121148-22121148
[2025-03-25T03:12:27.805Z] [blockchain.js:92] [BlockchainService.<anonymous>] [INFO] 扫描任务: 1
[2025-03-25T03:12:28.397Z] [blockchain.js:113] [BlockchainService.<anonymous>] [INFO] 扫描链 1 区块范围: 22121149-22121149
[2025-03-25T03:12:39.627Z] [blockchain.js:92] [BlockchainService.<anonymous>] [INFO] 扫描任务: 1
[2025-03-25T03:12:40.196Z] [blockchain.js:113] [BlockchainService.<anonymous>] [INFO] 扫描链 1 区块范围: 22121150-22121150
[2025-03-25T03:12:50.775Z] [blockchain.js:92] [BlockchainService.<anonymous>] [INFO] 扫描任务: 1
[2025-03-25T03:12:51.354Z] [blockchain.js:113] [BlockchainService.<anonymous>] [INFO] 扫描链 1 区块范围: 22121151-22121151
[2025-03-25T03:13:01.922Z] [blockchain.js:92] [BlockchainService.<anonymous>] [INFO] 扫描任务: 1
[2025-03-25T03:13:03.413Z] [blockchain.js:113] [BlockchainService.<anonymous>] [INFO] 扫描链 1 区块范围: 22121152-22121152
[2025-03-25T03:13:17.697Z] [blockchain.js:92] [BlockchainService.<anonymous>] [INFO] 扫描任务: 1
[2025-03-25T03:13:18.266Z] [blockchain.js:113] [BlockchainService.<anonymous>] [INFO] 扫描链 1 区块范围: 22121153-22121153
[2025-03-25T03:13:28.924Z] [blockchain.js:92] [BlockchainService.<anonymous>] [INFO] 扫描任务: 1
[2025-03-25T03:13:29.508Z] [blockchain.js:113] [BlockchainService.<anonymous>] [INFO] 扫描链 1 区块范围: 22121154-22121154
[2025-03-25T03:13:40.071Z] [blockchain.js:92] [BlockchainService.<anonymous>] [INFO] 扫描任务: 1
[2025-03-25T03:13:41.515Z] [blockchain.js:113] [BlockchainService.<anonymous>] [INFO] 扫描链 1 区块范围: 22121155-22121155
[2025-03-25T03:13:52.216Z] [blockchain.js:92] [BlockchainService.<anonymous>] [INFO] 扫描任务: 1
[2025-03-25T03:13:52.783Z] [blockchain.js:113] [BlockchainService.<anonymous>] [INFO] 扫描链 1 区块范围: 22121156-22121156
[2025-03-25T03:14:03.403Z] [blockchain.js:92] [BlockchainService.<anonymous>] [INFO] 扫描任务: 1
[2025-03-25T03:14:03.957Z] [blockchain.js:113] [BlockchainService.<anonymous>] [INFO] 扫描链 1 区块范围: 22121157-22121157
[2025-03-25T03:14:14.555Z] [blockchain.js:92] [BlockchainService.<anonymous>] [INFO] 扫描任务: 1
[2025-03-25T03:14:15.119Z] [blockchain.js:113] [BlockchainService.<anonymous>] [INFO] 扫描链 1 区块范围: 22121158-22121158
[2025-03-25T03:14:25.699Z] [blockchain.js:92] [BlockchainService.<anonymous>] [INFO] 扫描任务: 1
[2025-03-25T03:14:26.263Z] [blockchain.js:113] [BlockchainService.<anonymous>] [INFO] 扫描链 1 区块范围: 22121159-22121159
[2025-03-25T03:14:36.842Z] [blockchain.js:92] [BlockchainService.<anonymous>] [INFO] 扫描任务: 1
[2025-03-25T03:14:37.425Z] [blockchain.js:107] [BlockchainService.<anonymous>] [WARN] 无效区块范围: chain_id=1, toBlock=22121159, from_block=22121160
[2025-03-25T03:14:47.429Z] [blockchain.js:92] [BlockchainService.<anonymous>] [INFO] 扫描任务: 1
[2025-03-25T03:14:47.995Z] [blockchain.js:113] [BlockchainService.<anonymous>] [INFO] 扫描链 1 区块范围: 22121160-22121160
[2025-03-25T03:14:59.797Z] [blockchain.js:92] [BlockchainService.<anonymous>] [INFO] 扫描任务: 1
[2025-03-25T03:15:00.371Z] [blockchain.js:113] [BlockchainService.<anonymous>] [INFO] 扫描链 1 区块范围: 22121161-22121161
[2025-03-25T03:15:10.947Z] [blockchain.js:92] [BlockchainService.<anonymous>] [INFO] 扫描任务: 1
[2025-03-25T03:15:11.572Z] [blockchain.js:113] [BlockchainService.<anonymous>] [INFO] 扫描链 1 区块范围: 22121162-22121162
[2025-03-25T03:15:22.800Z] [blockchain.js:92] [BlockchainService.<anonymous>] [INFO] 扫描任务: 1
[2025-03-25T03:15:23.373Z] [blockchain.js:113] [BlockchainService.<anonymous>] [INFO] 扫描链 1 区块范围: 22121163-22121163
[2025-03-25T03:15:33.950Z] [blockchain.js:92] [BlockchainService.<anonymous>] [INFO] 扫描任务: 1
[2025-03-25T03:15:34.522Z] [blockchain.js:113] [BlockchainService.<anonymous>] [INFO] 扫描链 1 区块范围: 22121164-22121164
[2025-03-25T03:15:45.132Z] [blockchain.js:92] [BlockchainService.<anonymous>] [INFO] 扫描任务: 1
[2025-03-25T03:15:45.704Z] [blockchain.js:113] [BlockchainService.<anonymous>] [INFO] 扫描链 1 区块范围: 22121165-22121165
[2025-03-25T03:15:59.187Z] [blockchain.js:92] [BlockchainService.<anonymous>] [INFO] 扫描任务: 1
[2025-03-25T03:15:59.766Z] [blockchain.js:113] [BlockchainService.<anonymous>] [INFO] 扫描链 1 区块范围: 22121166-22121166
[2025-03-25T03:16:10.366Z] [blockchain.js:92] [BlockchainService.<anonymous>] [INFO] 扫描任务: 1
[2025-03-25T03:16:10.943Z] [blockchain.js:113] [BlockchainService.<anonymous>] [INFO] 扫描链 1 区块范围: 22121167-22121167
[2025-03-25T03:16:21.525Z] [blockchain.js:92] [BlockchainService.<anonymous>] [INFO] 扫描任务: 1
[2025-03-25T03:16:22.105Z] [blockchain.js:113] [BlockchainService.<anonymous>] [INFO] 扫描链 1 区块范围: 22121168-22121168
[2025-03-25T03:16:32.702Z] [blockchain.js:92] [BlockchainService.<anonymous>] [INFO] 扫描任务: 1
[2025-03-25T03:16:33.296Z] [blockchain.js:113] [BlockchainService.<anonymous>] [INFO] 扫描链 1 区块范围: 22121169-22121169
[2025-03-25T03:16:43.858Z] [blockchain.js:92] [BlockchainService.<anonymous>] [INFO] 扫描任务: 1
[2025-03-25T03:16:44.417Z] [blockchain.js:113] [BlockchainService.<anonymous>] [INFO] 扫描链 1 区块范围: 22121170-22121170
[2025-03-25T03:16:54.989Z] [blockchain.js:92] [BlockchainService.<anonymous>] [INFO] 扫描任务: 1
[2025-03-25T03:16:55.585Z] [blockchain.js:113] [BlockchainService.<anonymous>] [INFO] 扫描链 1 区块范围: 22121171-22121171
[2025-03-25T03:17:06.265Z] [blockchain.js:92] [BlockchainService.<anonymous>] [INFO] 扫描任务: 1
[2025-03-25T03:17:06.863Z] [blockchain.js:113] [BlockchainService.<anonymous>] [INFO] 扫描链 1 区块范围: 22121172-22121172
[2025-03-25T03:17:17.449Z] [blockchain.js:92] [BlockchainService.<anonymous>] [INFO] 扫描任务: 1
[2025-03-25T03:17:18.002Z] [blockchain.js:113] [BlockchainService.<anonymous>] [INFO] 扫描链 1 区块范围: 22121173-22121173
[2025-03-25T03:17:28.565Z] [blockchain.js:92] [BlockchainService.<anonymous>] [INFO] 扫描任务: 1
[2025-03-25T03:17:29.127Z] [blockchain.js:113] [BlockchainService.<anonymous>] [INFO] 扫描链 1 区块范围: 22121174-22121174
[2025-03-25T03:17:39.707Z] [blockchain.js:92] [BlockchainService.<anonymous>] [INFO] 扫描任务: 1
[2025-03-25T03:17:40.268Z] [blockchain.js:113] [BlockchainService.<anonymous>] [INFO] 扫描链 1 区块范围: 22121175-22121175
[2025-03-25T03:17:50.924Z] [blockchain.js:92] [BlockchainService.<anonymous>] [INFO] 扫描任务: 1
[2025-03-25T03:17:51.497Z] [blockchain.js:113] [BlockchainService.<anonymous>] [INFO] 扫描链 1 区块范围: 22121176-22121176
[2025-03-25T03:18:02.076Z] [blockchain.js:92] [BlockchainService.<anonymous>] [INFO] 扫描任务: 1
[2025-03-25T03:18:02.917Z] [blockchain.js:113] [BlockchainService.<anonymous>] [INFO] 扫描链 1 区块范围: 22121177-22121177
[2025-03-25T03:18:13.502Z] [blockchain.js:92] [BlockchainService.<anonymous>] [INFO] 扫描任务: 1
[2025-03-25T03:18:16.563Z] [blockchain.js:113] [BlockchainService.<anonymous>] [INFO] 扫描链 1 区块范围: 22121178-22121178
[2025-03-25T03:18:27.743Z] [blockchain.js:92] [BlockchainService.<anonymous>] [INFO] 扫描任务: 1
[2025-03-25T03:18:31.599Z] [blockchain.js:113] [BlockchainService.<anonymous>] [INFO] 扫描链 1 区块范围: 22121179-22121179
